<?xml version="1.0" encoding="UTF-8"?>
<!-- Generated by org.testng.reporters.JUnitReportReporter -->
<testsuite hostname="Ian-PC" name="basictest.WikiSearch" tests="8" failures="0" timestamp="2 Oct 2018 19:29:40 GMT" time="14.295" errors="0">
  <testcase name="search" time="3.940" classname="basictest.WikiSearch"/>
  <testcase name="search" time="3.185" classname="basictest.WikiSearch"/>
  <testcase name="search" time="2.102" classname="basictest.WikiSearch"/>
  <testcase name="hello" time="0.621" classname="basictest.WikiSearch"/>
  <testcase name="f" time="0.201" classname="basictest.WikiSearch"/>
  <testcase name="search" time="2.486" classname="basictest.WikiSearch"/>
  <testcase name="hello" time="0.002" classname="basictest.WikiSearch"/>
  <testcase name="search" time="1.758" classname="basictest.WikiSearch"/>
</testsuite> <!-- basictest.WikiSearch -->
