<?xml version="1.0" encoding="UTF-8"?>
<!-- Generated by org.testng.reporters.JUnitReportReporter -->
<testsuite skipped="0" hostname="Ian-PC" name="basictest.RevLog" tests="2" failures="0" timestamp="03 Oct 2018 20:19:09 GMT" time="18.168" errors="0">
  <testcase name="hello" time="0.474" classname="basictest.RevLog"/>
  <testcase name="setUsername" time="17.694" classname="basictest.RevLog"/>
</testsuite> <!-- basictest.RevLog -->
