<?xml version="1.0" encoding="UTF-8"?>
<!-- Generated by org.testng.reporters.JUnitReportReporter -->
<testsuite skipped="0" hostname="Ian-PC" name="cuke.NGcucumberrunner" tests="1" failures="0" timestamp="08 Oct 2018 12:44:53 GMT" time="20.093" errors="0">
  <testcase name="feature" time="20.093" classname="cuke.NGcucumberrunner"/>
</testsuite> <!-- cuke.NGcucumberrunner -->
